<?xml version="1.0" encoding="UTF-8"?>
<!-- Generated by org.testng.reporters.JUnitReportReporter -->
<testsuite skipped="0" hostname="VIMAL" name="com.xcart.mobile.AppTest" tests="1" failures="0" timestamp="27 Nov 2021 18:37:29 GMT" time="0.010" errors="0">
  <testcase name="shouldAnswerWithTrue" time="0.010" classname="com.xcart.mobile.AppTest"/>
</testsuite> <!-- com.xcart.mobile.AppTest -->
